[01:32:25.156][INFO][CraftTweaker-EarlyInit]: CraftTweaker is running on a Minecraft 1.20.1 production server modded with platform Forge
[01:32:25.192][INFO][CraftTweaker-EarlyInit]: Successfully injected RecipeFS file system
[01:32:25.241][INFO][CraftTweaker-Plugins]: Successfully identified and loaded plugin farmersdelight:crafttweaker_plugin
[01:32:25.249][INFO][CraftTweaker-Plugins]: Successfully identified and loaded plugin jeitweaker:common
[01:32:25.270][INFO][CraftTweaker-Plugins]: Successfully identified and loaded plugin crafttweaker:builtin
[01:32:25.273][INFO][CraftTweaker-Plugins]: Successfully identified and loaded plugin crafttweaker:builtin_forge
[01:32:25.304][INFO][JEITweaker]: Identified JeiTweaker plugin 'jeitweaker:forge': loading scheduled
[01:32:25.306][INFO][JEITweaker]: Identified JeiTweaker plugin 'jeitweaker:common': loading scheduled
[01:32:25.323][INFO][JEITweaker]: JEITweaker Environmental Check: the combination of mods [jei] is fully supported
[01:32:25.323][INFO][JEITweaker]: Running JeiTweaker plugin initialization
[01:32:25.344][INFO][JEITweaker]: JeiTweaker plugin initialization completed successfully
[01:32:27.074][INFO][CraftTweaker]: The following mods have explicit CraftTweaker support through the default plugin:
[01:32:27.076][INFO][CraftTweaker]: - 'crafttweaker' at version '14.0.40'
[01:32:27.076][INFO][CraftTweaker]: - 'farmersdelight' at version '1.20.1-1.2.4'
[01:32:27.076][INFO][CraftTweaker]: - 'jeitweaker' at version '8.0.6'
[01:32:39.265][INFO][CraftTweaker-ZenCode]: Started loading scripts for loader 'initialize'
[01:32:39.814][INFO][CraftTweaker-ZenCode]: Compiling and executing scripts
[01:32:39.854][INFO][CraftTweaker-ZenCode]: Successfully initialized modules [crafttweaker, expansions]
[01:32:39.966][INFO][CraftTweaker-ZenCode]: Execution for loader 'initialize' completed successfully
[01:33:04.204][INFO][CraftTweaker-ZenCode]: Started loading scripts for loader 'tags'
[01:33:04.248][INFO][CraftTweaker-ZenCode]: Compiling and executing scripts
[01:33:04.273][INFO][CraftTweaker-ZenCode]: Successfully initialized modules [crafttweaker, expansions]
[01:33:04.286][INFO][CraftTweaker-ZenCode]: Execution for loader 'tags' completed successfully
[01:33:05.591][INFO][CraftTweaker]: crafttweaker.reload.start
[01:33:05.598][INFO][CraftTweaker-ZenCode]: Started loading scripts for loader 'crafttweaker'
[01:33:05.636][INFO][CraftTweaker-ZenCode]: Compiling and executing scripts
[01:33:06.127][INFO][CraftTweaker-ZenCode]: Successfully initialized modules [mods, crafttweaker, expansions]
[01:33:06.158][INFO][CraftTweaker-ZenCode]: Execution for loader 'crafttweaker' completed successfully
[01:33:06.160][INFO][CraftTweaker]: crafttweaker.reload.complete
